    Checking cendol v0.1.0 (/app)
warning: this `else` branch is empty
    --> src/mir/codegen.rs:1741:23
     |
1741 |                       } else {
     |  _______________________^
1742 | |                     }
     | |_____________________^ help: you can remove it
     |
     = help: for further information visit https://rust-lang.github.io/rust-clippy/rust-1.91.0/index.html#needless_else
     = note: `#[warn(clippy::needless_else)]` on by default

warning: this if-then-else expression returns a bool literal
   --> src/parser/declarator.rs:564:29
    |
564 | / ...                   if after_attr.kind == TokenKind::Star {
565 | | ...                       false
566 | | ...                   } else {
567 | | ...                       true
568 | | ...                   }
    | |_______________________^ help: you can reduce it to: `after_attr.kind != TokenKind::Star`
    |
    = help: for further information visit https://rust-lang.github.io/rust-clippy/rust-1.91.0/index.html#needless_bool
    = note: `#[warn(clippy::needless_bool)]` on by default

warning: this `if` statement can be collapsed
   --> src/pp/pp_lexer.rs:904:17
    |
904 | /                 if ch >= 0x80 {
905 | |                     if self.is_valid_utf8_start(ch) {
906 | |                         let saved_pos = self.position;
907 | |                         let saved_lines = self.line_starts.clone();
...   |
930 | |                 }
    | |_________________^
    |
    = help: for further information visit https://rust-lang.github.io/rust-clippy/rust-1.91.0/index.html#collapsible_if
    = note: `#[warn(clippy::collapsible_if)]` on by default
help: collapse nested if block
    |
904 ~                 if ch >= 0x80
905 ~                     && self.is_valid_utf8_start(ch) {
906 |                         let saved_pos = self.position;
...
928 |                         continue;
929 ~                     }
    |

warning: calling `as_bytes` after slicing a string
   --> src/pp/pp_lexer.rs:990:49
    |
990 |                         chars.extend_from_slice(raw[1..].as_bytes());
    |                                                 ^^^^^^^^^^^^^^^^^^^ help: try: `&raw.as_bytes()[1..]`
    |
    = help: for further information visit https://rust-lang.github.io/rust-clippy/rust-1.91.0/index.html#sliced_string_as_bytes
    = note: `#[warn(clippy::sliced_string_as_bytes)]` on by default

warning: calling `as_bytes` after slicing a string
   --> src/pp/pp_lexer.rs:996:49
    |
996 |                         chars.extend_from_slice(raw[1..].as_bytes());
    |                                                 ^^^^^^^^^^^^^^^^^^^ help: try: `&raw.as_bytes()[1..]`
    |
    = help: for further information visit https://rust-lang.github.io/rust-clippy/rust-1.91.0/index.html#sliced_string_as_bytes

warning: casting to the same type is unnecessary (`u32` -> `u32`)
   --> src/semantic/ast_to_mir.rs:402:66
    |
402 |                 self.mir_builder.set_global_alignment(global_id, align as u32);
    |                                                                  ^^^^^^^^^^^^ help: try: `align`
    |
    = help: for further information visit https://rust-lang.github.io/rust-clippy/rust-1.91.0/index.html#unnecessary_cast
    = note: `#[warn(clippy::unnecessary_cast)]` on by default

warning: casting to the same type is unnecessary (`u32` -> `u32`)
   --> src/semantic/ast_to_mir.rs:423:60
    |
423 |             self.mir_builder.set_local_alignment(local_id, align as u32);
    |                                                            ^^^^^^^^^^^^ help: try: `align`
    |
    = help: for further information visit https://rust-lang.github.io/rust-clippy/rust-1.91.0/index.html#unnecessary_cast

warning: unnecessary use of `to_string`
   --> src/semantic/ast_to_mir.rs:839:31
    |
839 |             name: NameId::new("__va_list_tag".to_string()),
    |                               ^^^^^^^^^^^^^^^^^^^^^^^^^^^ help: use: `"__va_list_tag"`
    |
    = help: for further information visit https://rust-lang.github.io/rust-clippy/rust-1.91.0/index.html#unnecessary_to_owned
    = note: `#[warn(clippy::unnecessary_to_owned)]` on by default

warning: this `if let` can be collapsed into the outer `match`
    --> src/semantic/lowering.rs:2391:17
     |
2391 | /                 if let Some(e) = expr {
2392 | |                     self.collect_labels(*e);
2393 | |                 }
     | |_________________^
     |
help: the outer pattern can be modified to include the inner pattern
    --> src/semantic/lowering.rs:2390:49
     |
2390 |             ParsedNodeKind::ExpressionStatement(expr) => {
     |                                                 ^^^^ replace this binding
2391 |                 if let Some(e) = expr {
     |                        ^^^^^^^ with this pattern
     = help: for further information visit https://rust-lang.github.io/rust-clippy/rust-1.91.0/index.html#collapsible_match
     = note: `#[warn(clippy::collapsible_match)]` on by default

warning: this `if let` can be collapsed into the outer `match`
    --> src/semantic/lowering.rs:2396:17
     |
2396 | /                 if let Some(e) = expr {
2397 | |                     self.collect_labels(*e);
2398 | |                 }
     | |_________________^
     |
help: the outer pattern can be modified to include the inner pattern
    --> src/semantic/lowering.rs:2395:36
     |
2395 |             ParsedNodeKind::Return(expr) => {
     |                                    ^^^^ replace this binding
2396 |                 if let Some(e) = expr {
     |                        ^^^^^^^ with this pattern
     = help: for further information visit https://rust-lang.github.io/rust-clippy/rust-1.91.0/index.html#collapsible_match

warning: stripping a suffix manually
  --> src/semantic/literal_utils.rs:56:9
   |
56 |         &content_raw[..content_raw.len() - 1]
   |         ^^^^^^^^^^^^^^^^^^^^^^^^^^^^^^^^^^^^^
   |
note: the suffix was tested here
  --> src/semantic/literal_utils.rs:55:23
   |
55 |     let content_raw = if content_raw.ends_with('"') {
   |                       ^^^^^^^^^^^^^^^^^^^^^^^^^^^^^^
   = help: for further information visit https://rust-lang.github.io/rust-clippy/rust-1.91.0/index.html#manual_strip
   = note: `#[warn(clippy::manual_strip)]` on by default
help: try using the `strip_suffix` method
   |
55 ~     let content_raw = if let Some(<stripped>) = content_raw.strip_suffix('"') {
56 ~         <stripped>
   |

warning: casting to the same type is unnecessary (`u16` -> `u16`)
   --> src/semantic/lower_initializer.rs:463:22
    |
463 |         let stride = elem_layout.size as u16;
    |                      ^^^^^^^^^^^^^^^^^^^^^^^ help: try: `elem_layout.size`
    |
    = help: for further information visit https://rust-lang.github.io/rust-clippy/rust-1.91.0/index.html#unnecessary_cast

warning: `cendol` (lib) generated 12 warnings (run `cargo clippy --fix --lib -p cendol` to apply 7 suggestions)
    Finished `dev` profile [unoptimized + debuginfo] target(s) in 6.61s
